App running at http://localhost:3000
App running at http://localhost:3000

> nodejsproject@1.0.0 start /home/sriegode/NodeJSProject
> node server.js

Warning: connect.session() MemoryStore is not
designed for a production environment, as it will leak
memory, and will not scale past a single process.
App running at http://localhost:3000
text/css

> nodejsproject@1.0.0 start /home/sriegode/NodeJSProject
> node server.js

Warning: connect.session() MemoryStore is not
designed for a production environment, as it will leak
memory, and will not scale past a single process.
App running at http://localhost:3000
[33mwarn[39m:    --minUptime not set. Defaulting to: 1000ms
[33mwarn[39m:    --spinSleepTime not set. Your script will exit if it does not stay up for at least 1000ms
[32minfo[39m:    Forever processing file: [90mserver.js[39m
[33mwarn[39m:    --minUptime not set. Defaulting to: 1000ms
[33mwarn[39m:    --spinSleepTime not set. Your script will exit if it does not stay up for at least 1000ms
[32minfo[39m:    Forever processing file: [90mserver.js[39m
[33mwarn[39m:    --minUptime not set. Defaulting to: 1000ms
[33mwarn[39m:    --spinSleepTime not set. Your script will exit if it does not stay up for at least 1000ms
[32minfo[39m:    Forever processing file: [90mserver.js[39m
[33mwarn[39m:    --minUptime not set. Defaulting to: 1000ms
[33mwarn[39m:    --spinSleepTime not set. Your script will exit if it does not stay up for at least 1000ms
[32minfo[39m:    Forever processing file: [90mserver.js[39m
[33mwarn[39m:    --minUptime not set. Defaulting to: 1000ms
[33mwarn[39m:    --spinSleepTime not set. Your script will exit if it does not stay up for at least 1000ms
[32minfo[39m:    Forever processing file: [90mserver.js[39m
[33mwarn[39m:    --minUptime not set. Defaulting to: 1000ms
[33mwarn[39m:    --spinSleepTime not set. Your script will exit if it does not stay up for at least 1000ms
[32minfo[39m:    Forever processing file: [90mserver.js[39m
[33mwarn[39m:    --minUptime not set. Defaulting to: 1000ms
[33mwarn[39m:    --spinSleepTime not set. Your script will exit if it does not stay up for at least 1000ms
[32minfo[39m:    Forever processing file: [90mserver.js[39m
[33mwarn[39m:    --minUptime not set. Defaulting to: 1000ms
[33mwarn[39m:    --spinSleepTime not set. Your script will exit if it does not stay up for at least 1000ms
[32minfo[39m:    Forever processing file: [90mserver.js[39m
[33mwarn[39m:    --minUptime not set. Defaulting to: 1000ms
[33mwarn[39m:    --spinSleepTime not set. Your script will exit if it does not stay up for at least 1000ms
[32minfo[39m:    Forever processing file: [90mserver.js[39m
[33mwarn[39m:    --minUptime not set. Defaulting to: 1000ms
[33mwarn[39m:    --spinSleepTime not set. Your script will exit if it does not stay up for at least 1000ms
[32minfo[39m:    Forever processing file: [90mserver.js[39m
[33mwarn[39m:    --minUptime not set. Defaulting to: 1000ms
[33mwarn[39m:    --spinSleepTime not set. Your script will exit if it does not stay up for at least 1000ms
[32minfo[39m:    Forever processing file: [90mserver.js[39m
[33mwarn[39m:    --minUptime not set. Defaulting to: 1000ms
[33mwarn[39m:    --spinSleepTime not set. Your script will exit if it does not stay up for at least 1000ms
[32minfo[39m:    Forever processing file: [90mserver.js[39m
[33mwarn[39m:    --minUptime not set. Defaulting to: 1000ms
[33mwarn[39m:    --spinSleepTime not set. Your script will exit if it does not stay up for at least 1000ms
[32minfo[39m:    Forever processing file: [90mserver.js[39m
[33mwarn[39m:    --minUptime not set. Defaulting to: 1000ms
[33mwarn[39m:    --spinSleepTime not set. Your script will exit if it does not stay up for at least 1000ms
[32minfo[39m:    Forever processing file: [90mserver.js[39m
[33mwarn[39m:    --minUptime not set. Defaulting to: 1000ms
[33mwarn[39m:    --spinSleepTime not set. Your script will exit if it does not stay up for at least 1000ms
[32minfo[39m:    Forever processing file: [90mserver.js[39m
[33mwarn[39m:    --minUptime not set. Defaulting to: 1000ms
[33mwarn[39m:    --spinSleepTime not set. Your script will exit if it does not stay up for at least 1000ms
[32minfo[39m:    Forever processing file: [90mserver.js[39m
[33mwarn[39m:    --minUptime not set. Defaulting to: 1000ms
[33mwarn[39m:    --spinSleepTime not set. Your script will exit if it does not stay up for at least 1000ms
[32minfo[39m:    Forever processing file: [90mserver.js[39m
[33mwarn[39m:    --minUptime not set. Defaulting to: 1000ms
[33mwarn[39m:    --spinSleepTime not set. Your script will exit if it does not stay up for at least 1000ms
[32minfo[39m:    Forever processing file: [90mserver.js[39m
[33mwarn[39m:    --minUptime not set. Defaulting to: 1000ms
[33mwarn[39m:    --spinSleepTime not set. Your script will exit if it does not stay up for at least 1000ms
[32minfo[39m:    Forever processing file: [90mserver.js[39m
[33mwarn[39m:    --minUptime not set. Defaulting to: 1000ms
[33mwarn[39m:    --spinSleepTime not set. Your script will exit if it does not stay up for at least 1000ms
[32minfo[39m:    Forever processing file: [90mserver.js[39m
[33mwarn[39m:    --minUptime not set. Defaulting to: 1000ms
[33mwarn[39m:    --spinSleepTime not set. Your script will exit if it does not stay up for at least 1000ms
[32minfo[39m:    Forever processing file: [90mserver.js[39m
[33mwarn[39m:    --minUptime not set. Defaulting to: 1000ms
[33mwarn[39m:    --spinSleepTime not set. Your script will exit if it does not stay up for at least 1000ms
[32minfo[39m:    Forever processing file: [90mserver.js[39m
[33mwarn[39m:    --minUptime not set. Defaulting to: 1000ms
[33mwarn[39m:    --spinSleepTime not set. Your script will exit if it does not stay up for at least 1000ms
[32minfo[39m:    Forever processing file: [90mserver.js[39m
[33mwarn[39m:    --minUptime not set. Defaulting to: 1000ms
[33mwarn[39m:    --spinSleepTime not set. Your script will exit if it does not stay up for at least 1000ms
[32minfo[39m:    Forever processing file: [90mserver.js[39m
[33mwarn[39m:    --minUptime not set. Defaulting to: 1000ms
[33mwarn[39m:    --spinSleepTime not set. Your script will exit if it does not stay up for at least 1000ms
[32minfo[39m:    Forever processing file: [90mserver.js[39m
[33mwarn[39m:    --minUptime not set. Defaulting to: 1000ms
[33mwarn[39m:    --spinSleepTime not set. Your script will exit if it does not stay up for at least 1000ms
[32minfo[39m:    Forever processing file: [90mserver.js[39m
[33mwarn[39m:    --minUptime not set. Defaulting to: 1000ms
[33mwarn[39m:    --spinSleepTime not set. Your script will exit if it does not stay up for at least 1000ms
[32minfo[39m:    Forever processing file: [90mserver.js[39m
[33mwarn[39m:    --minUptime not set. Defaulting to: 1000ms
[33mwarn[39m:    --spinSleepTime not set. Your script will exit if it does not stay up for at least 1000ms
[32minfo[39m:    Forever processing file: [90mserver.js[39m
[33mwarn[39m:    --minUptime not set. Defaulting to: 1000ms
[33mwarn[39m:    --spinSleepTime not set. Your script will exit if it does not stay up for at least 1000ms
[32minfo[39m:    Forever processing file: [90mserver.js[39m
[33mwarn[39m:    --minUptime not set. Defaulting to: 1000ms
[33mwarn[39m:    --spinSleepTime not set. Your script will exit if it does not stay up for at least 1000ms
[32minfo[39m:    Forever processing file: [90mserver.js[39m
[33mwarn[39m:    --minUptime not set. Defaulting to: 1000ms
[33mwarn[39m:    --spinSleepTime not set. Your script will exit if it does not stay up for at least 1000ms
[32minfo[39m:    Forever processing file: [90mserver.js[39m
[33mwarn[39m:    --minUptime not set. Defaulting to: 1000ms
[33mwarn[39m:    --spinSleepTime not set. Your script will exit if it does not stay up for at least 1000ms
[32minfo[39m:    Forever processing file: [90mserver.js[39m
[33mwarn[39m:    --minUptime not set. Defaulting to: 1000ms
[33mwarn[39m:    --spinSleepTime not set. Your script will exit if it does not stay up for at least 1000ms
[32minfo[39m:    Forever processing file: [90mserver.js[39m
[33mwarn[39m:    --minUptime not set. Defaulting to: 1000ms
[33mwarn[39m:    --spinSleepTime not set. Your script will exit if it does not stay up for at least 1000ms
[32minfo[39m:    Forever processing file: [90mserver.js[39m
[33mwarn[39m:    --minUptime not set. Defaulting to: 1000ms
[33mwarn[39m:    --spinSleepTime not set. Your script will exit if it does not stay up for at least 1000ms
[32minfo[39m:    Forever processing file: [90mserver.js[39m
[33mwarn[39m:    --minUptime not set. Defaulting to: 1000ms
[33mwarn[39m:    --spinSleepTime not set. Your script will exit if it does not stay up for at least 1000ms
[32minfo[39m:    Forever processing file: [90mserver.js[39m
[33mwarn[39m:    --minUptime not set. Defaulting to: 1000ms
[33mwarn[39m:    --spinSleepTime not set. Your script will exit if it does not stay up for at least 1000ms
[32minfo[39m:    Forever processing file: [90mserver.js[39m
[33mwarn[39m:    --minUptime not set. Defaulting to: 1000ms
[33mwarn[39m:    --spinSleepTime not set. Your script will exit if it does not stay up for at least 1000ms
[32minfo[39m:    Forever processing file: [90mserver.js[39m
[33mwarn[39m:    --minUptime not set. Defaulting to: 1000ms
[33mwarn[39m:    --spinSleepTime not set. Your script will exit if it does not stay up for at least 1000ms
[32minfo[39m:    Forever processing file: [90mserver.js[39m
[33mwarn[39m:    --minUptime not set. Defaulting to: 1000ms
[33mwarn[39m:    --spinSleepTime not set. Your script will exit if it does not stay up for at least 1000ms
[32minfo[39m:    Forever processing file: [90mserver.js[39m
[33mwarn[39m:    --minUptime not set. Defaulting to: 1000ms
[33mwarn[39m:    --spinSleepTime not set. Your script will exit if it does not stay up for at least 1000ms
[32minfo[39m:    Forever processing file: [90mserver.js[39m
[33mwarn[39m:    --minUptime not set. Defaulting to: 1000ms
[33mwarn[39m:    --spinSleepTime not set. Your script will exit if it does not stay up for at least 1000ms
[32minfo[39m:    Forever processing file: [90mserver.js[39m
[33mwarn[39m:    --minUptime not set. Defaulting to: 1000ms
[33mwarn[39m:    --spinSleepTime not set. Your script will exit if it does not stay up for at least 1000ms
[32minfo[39m:    Forever processing file: [90mserver.js[39m
[33mwarn[39m:    --minUptime not set. Defaulting to: 1000ms
[33mwarn[39m:    --spinSleepTime not set. Your script will exit if it does not stay up for at least 1000ms
[31merror[39m:   Cannot start forever
[31merror[39m:   script /home/sriegode/NodeJSProject/start.js does not exist.
[33mwarn[39m:    --minUptime not set. Defaulting to: 1000ms
[33mwarn[39m:    --spinSleepTime not set. Your script will exit if it does not stay up for at least 1000ms
App running at http://localhost:3000
authenticating start
In the authentication method!
Username: sriegodedios
Password: kbSz/PQBLyWwAzFVSHwupi0mLjphpZVot/fsbnj3d1Y=
[ RowDataPacket {
    ID: 1,
    WiD: null,
    FirstName: 'Krishane',
    LastName: 'Riegodedios',
    Birthday: 1996-09-26T04:00:00.000Z,
    Gender: 'Male',
    Username: 'sriegodedios',
    Email: 'krishane@ksu.edu',
    Password: 'kbSz/PQBLyWwAzFVSHwupi0mLjphpZVot/fsbnj3d1Y=',
    Status: 'Activated',
    Timestamp: 2019-04-01T06:13:01.000Z } ]
ID: 1
IN THE RENDER
0

[ RowDataPacket {
    VideoId: 15,
    UserId: 1,
    Username: 'sriegodedios',
    Title: 'Sarah and Luke Interview',
    CloudLink:
     'https://storage.googleapis.com/sriegodedios/1555272902736MVI_0053.m4v' },
  RowDataPacket {
    VideoId: 8,
    UserId: 17,
    Username: 'Yessir',
    Title: 'Woah',
    CloudLink:
     'https://storage.googleapis.com/sriegodedios/1554915544484BF15010C-C36C-4C53-B6DE-59F1FF62F37F.MOV' },
  RowDataPacket {
    VideoId: 9,
    UserId: 16,
    Username: 'yurosko',
    Title: 'Can\'t nobody tell me nothing',
    CloudLink:
     'https://storage.googleapis.com/sriegodedios/1554921467059videoplayback.mp4' },
  RowDataPacket {
    VideoId: 18,
    UserId: 1,
    Username: 'sriegodedios',
    Title: 'Footgolfing',
    CloudLink:
     'https://storage.googleapis.com/sriegodedios/1555520686951155490104362660CA7C71-F8A3-40C9-BE37-EA00434C3F6F.mov' },
  RowDataPacket {
    VideoId: 11,
    UserId: 17,
    Username: 'Yessir',
    Title: 'Guns',
    CloudLink:
     'https://storage.googleapis.com/sriegodedios/15549352199530B4FB553-69F1-4EE0-ACC9-E5E0F4126B23.MOV' },
  RowDataPacket {
    VideoId: 12,
    UserId: 14,
    Username: 'tdobson0223',
    Title: 'Interview With Seth Hensarling',
    CloudLink:
     'https://storage.googleapis.com/sriegodedios/1554938464959videoplayback.mp4' },
  RowDataPacket {
    VideoId: 17,
    UserId: 1,
    Username: 'sriegodedios',
    Title: 'Mason Playing Basketball',
    CloudLink:
     'https://storage.googleapis.com/sriegodedios/1555465651135IMG_0628.MOV' },
  RowDataPacket {
    VideoId: 16,
    UserId: 1,
    Username: 'sriegodedios',
    Title: 'Josh',
    CloudLink:
     'https://storage.googleapis.com/sriegodedios/1555445121714MVI_0185.MP4' } ]
[33mwarn[39m:    --minUptime not set. Defaulting to: 1000ms
[33mwarn[39m:    --spinSleepTime not set. Your script will exit if it does not stay up for at least 1000ms
App running at http://localhost:3000
authenticating start
In the authentication method!
Username: sriegodedios
Password: kbSz/PQBLyWwAzFVSHwupi0mLjphpZVot/fsbnj3d1Y=
[ RowDataPacket {
    ID: 1,
    WiD: null,
    FirstName: 'Krishane',
    LastName: 'Riegodedios',
    Birthday: 1996-09-26T04:00:00.000Z,
    Gender: 'Male',
    Username: 'sriegodedios',
    Email: 'krishane@ksu.edu',
    Password: 'kbSz/PQBLyWwAzFVSHwupi0mLjphpZVot/fsbnj3d1Y=',
    Status: 'Activated',
    Timestamp: 2019-04-01T06:13:01.000Z } ]
ID: 1
IN THE RENDER
0

[ RowDataPacket {
    VideoId: 15,
    UserId: 1,
    Username: 'sriegodedios',
    Title: 'Sarah and Luke Interview',
    CloudLink:
     'https://storage.googleapis.com/sriegodedios/1555272902736MVI_0053.m4v' },
  RowDataPacket {
    VideoId: 8,
    UserId: 17,
    Username: 'Yessir',
    Title: 'Woah',
    CloudLink:
     'https://storage.googleapis.com/sriegodedios/1554915544484BF15010C-C36C-4C53-B6DE-59F1FF62F37F.MOV' },
  RowDataPacket {
    VideoId: 9,
    UserId: 16,
    Username: 'yurosko',
    Title: 'Can\'t nobody tell me nothing',
    CloudLink:
     'https://storage.googleapis.com/sriegodedios/1554921467059videoplayback.mp4' },
  RowDataPacket {
    VideoId: 18,
    UserId: 1,
    Username: 'sriegodedios',
    Title: 'Footgolfing',
    CloudLink:
     'https://storage.googleapis.com/sriegodedios/1555520686951155490104362660CA7C71-F8A3-40C9-BE37-EA00434C3F6F.mov' },
  RowDataPacket {
    VideoId: 11,
    UserId: 17,
    Username: 'Yessir',
    Title: 'Guns',
    CloudLink:
     'https://storage.googleapis.com/sriegodedios/15549352199530B4FB553-69F1-4EE0-ACC9-E5E0F4126B23.MOV' },
  RowDataPacket {
    VideoId: 12,
    UserId: 14,
    Username: 'tdobson0223',
    Title: 'Interview With Seth Hensarling',
    CloudLink:
     'https://storage.googleapis.com/sriegodedios/1554938464959videoplayback.mp4' },
  RowDataPacket {
    VideoId: 17,
    UserId: 1,
    Username: 'sriegodedios',
    Title: 'Mason Playing Basketball',
    CloudLink:
     'https://storage.googleapis.com/sriegodedios/1555465651135IMG_0628.MOV' },
  RowDataPacket {
    VideoId: 16,
    UserId: 1,
    Username: 'sriegodedios',
    Title: 'Josh',
    CloudLink:
     'https://storage.googleapis.com/sriegodedios/1555445121714MVI_0185.MP4' } ]
/home/sriegode/NodeJSProject/routes.js:227
              res.redirect('/login/?loggedOut=true');
              ^

ReferenceError: res is not defined
    at Immediate.<anonymous> (/home/sriegode/NodeJSProject/routes.js:227:15)
    at runCallback (timers.js:696:18)
    at tryOnImmediate (timers.js:667:5)
    at processImmediate (timers.js:649:5)
error: Forever detected script exited with code: 1
error: Script restart attempt #1
App running at http://localhost:3000
/home/sriegode/NodeJSProject/routes.js:227
              res.redirect('/login/?loggedOut=true');
              ^

ReferenceError: res is not defined
    at Immediate.<anonymous> (/home/sriegode/NodeJSProject/routes.js:227:15)
    at runCallback (timers.js:696:18)
    at tryOnImmediate (timers.js:667:5)
    at processImmediate (timers.js:649:5)
error: Forever detected script exited with code: 1
error: Script restart attempt #2
App running at http://localhost:3000
authenticating start
In the authentication method!
Username: sriegodedios
Password: kbSz/PQBLyWwAzFVSHwupi0mLjphpZVot/fsbnj3d1Y=
[ RowDataPacket {
    ID: 1,
    WiD: null,
    FirstName: 'Krishane',
    LastName: 'Riegodedios',
    Birthday: 1996-09-26T04:00:00.000Z,
    Gender: 'Male',
    Username: 'sriegodedios',
    Email: 'krishane@ksu.edu',
    Password: 'kbSz/PQBLyWwAzFVSHwupi0mLjphpZVot/fsbnj3d1Y=',
    Status: 'Activated',
    Timestamp: 2019-04-01T06:13:01.000Z } ]
ID: 1
IN THE RENDER
0

[ RowDataPacket {
    VideoId: 15,
    UserId: 1,
    Username: 'sriegodedios',
    Title: 'Sarah and Luke Interview',
    CloudLink:
     'https://storage.googleapis.com/sriegodedios/1555272902736MVI_0053.m4v' },
  RowDataPacket {
    VideoId: 8,
    UserId: 17,
    Username: 'Yessir',
    Title: 'Woah',
    CloudLink:
     'https://storage.googleapis.com/sriegodedios/1554915544484BF15010C-C36C-4C53-B6DE-59F1FF62F37F.MOV' },
  RowDataPacket {
    VideoId: 9,
    UserId: 16,
    Username: 'yurosko',
    Title: 'Can\'t nobody tell me nothing',
    CloudLink:
     'https://storage.googleapis.com/sriegodedios/1554921467059videoplayback.mp4' },
  RowDataPacket {
    VideoId: 18,
    UserId: 1,
    Username: 'sriegodedios',
    Title: 'Footgolfing',
    CloudLink:
     'https://storage.googleapis.com/sriegodedios/1555520686951155490104362660CA7C71-F8A3-40C9-BE37-EA00434C3F6F.mov' },
  RowDataPacket {
    VideoId: 11,
    UserId: 17,
    Username: 'Yessir',
    Title: 'Guns',
    CloudLink:
     'https://storage.googleapis.com/sriegodedios/15549352199530B4FB553-69F1-4EE0-ACC9-E5E0F4126B23.MOV' },
  RowDataPacket {
    VideoId: 12,
    UserId: 14,
    Username: 'tdobson0223',
    Title: 'Interview With Seth Hensarling',
    CloudLink:
     'https://storage.googleapis.com/sriegodedios/1554938464959videoplayback.mp4' },
  RowDataPacket {
    VideoId: 17,
    UserId: 1,
    Username: 'sriegodedios',
    Title: 'Mason Playing Basketball',
    CloudLink:
     'https://storage.googleapis.com/sriegodedios/1555465651135IMG_0628.MOV' },
  RowDataPacket {
    VideoId: 16,
    UserId: 1,
    Username: 'sriegodedios',
    Title: 'Josh',
    CloudLink:
     'https://storage.googleapis.com/sriegodedios/1555445121714MVI_0185.MP4' } ]
/home/sriegode/NodeJSProject/routes.js:227
              res.redirect('/login/?loggedOut=true');
              ^

ReferenceError: res is not defined
    at Immediate.<anonymous> (/home/sriegode/NodeJSProject/routes.js:227:15)
    at runCallback (timers.js:696:18)
    at tryOnImmediate (timers.js:667:5)
    at processImmediate (timers.js:649:5)
error: Forever detected script exited with code: 1
error: Script restart attempt #3
App running at http://localhost:3000
/home/sriegode/NodeJSProject/routes.js:227
              res.redirect('/login/?loggedOut=true');
              ^

ReferenceError: res is not defined
    at Immediate.<anonymous> (/home/sriegode/NodeJSProject/routes.js:227:15)
    at runCallback (timers.js:696:18)
    at tryOnImmediate (timers.js:667:5)
    at processImmediate (timers.js:649:5)
error: Forever detected script exited with code: 1
error: Script restart attempt #4
App running at http://localhost:3000
/home/sriegode/NodeJSProject/routes.js:227
              res.redirect('/login/?loggedOut=true');
              ^

ReferenceError: res is not defined
    at Immediate.<anonymous> (/home/sriegode/NodeJSProject/routes.js:227:15)
    at runCallback (timers.js:696:18)
    at tryOnImmediate (timers.js:667:5)
    at processImmediate (timers.js:649:5)
error: Forever detected script exited with code: 1
[33mwarn[39m:    --minUptime not set. Defaulting to: 1000ms
[33mwarn[39m:    --spinSleepTime not set. Your script will exit if it does not stay up for at least 1000ms
[32minfo[39m:    Forever processing file: [90mserver.js[39m
[33mwarn[39m:    --minUptime not set. Defaulting to: 1000ms
[33mwarn[39m:    --spinSleepTime not set. Your script will exit if it does not stay up for at least 1000ms
App running at http://localhost:3000
[33mwarn[39m:    --minUptime not set. Defaulting to: 1000ms
[33mwarn[39m:    --spinSleepTime not set. Your script will exit if it does not stay up for at least 1000ms
[32minfo[39m:    Forever processing file: [90mserver.js[39m
